This file contains any messages produced by compilers while
running configure, to aid debugging if configure makes a mistake.

It was created by jsonschema-c configure 0,1, which was
generated by GNU Autoconf 2.69.  Invocation command line was

  $ ./configure 

## --------- ##
## Platform. ##
## --------- ##

hostname = amine-All-Series
uname -m = x86_64
uname -r = 4.2.0-16-generic
uname -s = Linux
uname -v = #19-Ubuntu SMP Thu Oct 8 15:35:06 UTC 2015

/usr/bin/uname -p = unknown
/bin/uname -X     = unknown

/bin/arch              = unknown
/usr/bin/arch -k       = unknown
/usr/convex/getsysinfo = unknown
/usr/bin/hostinfo      = unknown
/bin/machine           = unknown
/usr/bin/oslevel       = unknown
/bin/universe          = unknown

PATH: /usr/local/sbin
PATH: /usr/local/bin
PATH: /usr/sbin
PATH: /usr/bin
PATH: /sbin
PATH: /bin


## ----------- ##
## Core tests. ##
## ----------- ##

configure:2288: checking for gcc
configure:2304: found /usr/bin/gcc
configure:2315: result: gcc
configure:2544: checking for C compiler version
configure:2553: gcc --version >&5
gcc (Ubuntu 5.2.1-22ubuntu2) 5.2.1 20151010
Copyright (C) 2015 Free Software Foundation, Inc.
This is free software; see the source for copying conditions.  There is NO
warranty; not even for MERCHANTABILITY or FITNESS FOR A PARTICULAR PURPOSE.

configure:2564: $? = 0
configure:2553: gcc -v >&5
Using built-in specs.
COLLECT_GCC=gcc
COLLECT_LTO_WRAPPER=/usr/lib/gcc/x86_64-linux-gnu/5/lto-wrapper
Target: x86_64-linux-gnu
Configured with: ../src/configure -v --with-pkgversion='Ubuntu 5.2.1-22ubuntu2' --with-bugurl=file:///usr/share/doc/gcc-5/README.Bugs --enable-languages=c,ada,c++,java,go,d,fortran,objc,obj-c++ --prefix=/usr --program-suffix=-5 --enable-shared --enable-linker-build-id --libexecdir=/usr/lib --without-included-gettext --enable-threads=posix --libdir=/usr/lib --enable-nls --with-sysroot=/ --enable-clocale=gnu --enable-libstdcxx-debug --enable-libstdcxx-time=yes --with-default-libstdcxx-abi=new --enable-gnu-unique-object --disable-vtable-verify --enable-libmpx --enable-plugin --with-system-zlib --disable-browser-plugin --enable-java-awt=gtk --enable-gtk-cairo --with-java-home=/usr/lib/jvm/java-1.5.0-gcj-5-amd64/jre --enable-java-home --with-jvm-root-dir=/usr/lib/jvm/java-1.5.0-gcj-5-amd64 --with-jvm-jar-dir=/usr/lib/jvm-exports/java-1.5.0-gcj-5-amd64 --with-arch-directory=amd64 --with-ecj-jar=/usr/share/java/eclipse-ecj.jar --enable-objc-gc --enable-multiarch --disable-werror --with-arch-32=i686 --with-abi=m64 --with-multilib-list=m32,m64,mx32 --enable-multilib --with-tune=generic --enable-checking=release --build=x86_64-linux-gnu --host=x86_64-linux-gnu --target=x86_64-linux-gnu
Thread model: posix
gcc version 5.2.1 20151010 (Ubuntu 5.2.1-22ubuntu2) 
configure:2564: $? = 0
configure:2553: gcc -V >&5
gcc: error: unrecognized command line option '-V'
gcc: fatal error: no input files
compilation terminated.
configure:2564: $? = 1
configure:2553: gcc -qversion >&5
gcc: error: unrecognized command line option '-qversion'
gcc: fatal error: no input files
compilation terminated.
configure:2564: $? = 1
configure:2584: checking whether the C compiler works
configure:2606: gcc    conftest.c  >&5
configure:2610: $? = 0
configure:2658: result: yes
configure:2661: checking for C compiler default output file name
configure:2663: result: a.out
configure:2669: checking for suffix of executables
configure:2676: gcc -o conftest    conftest.c  >&5
configure:2680: $? = 0
configure:2702: result: 
configure:2724: checking whether we are cross compiling
configure:2732: gcc -o conftest    conftest.c  >&5
configure:2736: $? = 0
configure:2743: ./conftest
configure:2747: $? = 0
configure:2762: result: no
configure:2767: checking for suffix of object files
configure:2789: gcc -c   conftest.c >&5
configure:2793: $? = 0
configure:2814: result: o
configure:2818: checking whether we are using the GNU C compiler
configure:2837: gcc -c   conftest.c >&5
configure:2837: $? = 0
configure:2846: result: yes
configure:2855: checking whether gcc accepts -g
configure:2875: gcc -c -g  conftest.c >&5
configure:2875: $? = 0
configure:2916: result: yes
configure:2933: checking for gcc option to accept ISO C89
configure:2996: gcc  -c -g -O2  conftest.c >&5
configure:2996: $? = 0
configure:3009: result: none needed
configure:3034: checking whether gcc understands -c and -o together
configure:3056: gcc -c conftest.c -o conftest2.o
configure:3059: $? = 0
configure:3056: gcc -c conftest.c -o conftest2.o
configure:3059: $? = 0
configure:3071: result: yes
configure:3094: checking how to run the C preprocessor
configure:3125: gcc -E  conftest.c
configure:3125: $? = 0
configure:3139: gcc -E  conftest.c
conftest.c:9:28: fatal error: ac_nonexistent.h: No such file or directory
compilation terminated.
configure:3139: $? = 1
configure: failed program was:
| /* confdefs.h */
| #define PACKAGE_NAME "jsonschema-c"
| #define PACKAGE_TARNAME "jsonschema-c"
| #define PACKAGE_VERSION "0,1"
| #define PACKAGE_STRING "jsonschema-c 0,1"
| #define PACKAGE_BUGREPORT "ahamed@ocedo.com"
| #define PACKAGE_URL ""
| /* end confdefs.h.  */
| #include <ac_nonexistent.h>
configure:3164: result: gcc -E
configure:3184: gcc -E  conftest.c
configure:3184: $? = 0
configure:3198: gcc -E  conftest.c
conftest.c:9:28: fatal error: ac_nonexistent.h: No such file or directory
compilation terminated.
configure:3198: $? = 1
configure: failed program was:
| /* confdefs.h */
| #define PACKAGE_NAME "jsonschema-c"
| #define PACKAGE_TARNAME "jsonschema-c"
| #define PACKAGE_VERSION "0,1"
| #define PACKAGE_STRING "jsonschema-c 0,1"
| #define PACKAGE_BUGREPORT "ahamed@ocedo.com"
| #define PACKAGE_URL ""
| /* end confdefs.h.  */
| #include <ac_nonexistent.h>
configure:3227: checking for grep that handles long lines and -e
configure:3285: result: /bin/grep
configure:3290: checking for egrep
configure:3352: result: /bin/grep -E
configure:3357: checking for ANSI C header files
configure:3377: gcc -c -g -O2  conftest.c >&5
configure:3377: $? = 0
configure:3450: gcc -o conftest -g -O2   conftest.c  >&5
configure:3450: $? = 0
configure:3450: ./conftest
configure:3450: $? = 0
configure:3461: result: yes
configure:3474: checking for sys/types.h
configure:3474: gcc -c -g -O2  conftest.c >&5
configure:3474: $? = 0
configure:3474: result: yes
configure:3474: checking for sys/stat.h
configure:3474: gcc -c -g -O2  conftest.c >&5
configure:3474: $? = 0
configure:3474: result: yes
configure:3474: checking for stdlib.h
configure:3474: gcc -c -g -O2  conftest.c >&5
configure:3474: $? = 0
configure:3474: result: yes
configure:3474: checking for string.h
configure:3474: gcc -c -g -O2  conftest.c >&5
configure:3474: $? = 0
configure:3474: result: yes
configure:3474: checking for memory.h
configure:3474: gcc -c -g -O2  conftest.c >&5
configure:3474: $? = 0
configure:3474: result: yes
configure:3474: checking for strings.h
configure:3474: gcc -c -g -O2  conftest.c >&5
configure:3474: $? = 0
configure:3474: result: yes
configure:3474: checking for inttypes.h
configure:3474: gcc -c -g -O2  conftest.c >&5
configure:3474: $? = 0
configure:3474: result: yes
configure:3474: checking for stdint.h
configure:3474: gcc -c -g -O2  conftest.c >&5
configure:3474: $? = 0
configure:3474: result: yes
configure:3474: checking for unistd.h
configure:3474: gcc -c -g -O2  conftest.c >&5
configure:3474: $? = 0
configure:3474: result: yes
configure:3489: checking for string.h
configure:3489: result: yes
configure:3489: checking regex.h usability
configure:3489: gcc -c -g -O2  conftest.c >&5
configure:3489: $? = 0
configure:3489: result: yes
configure:3489: checking regex.h presence
configure:3489: gcc -E  conftest.c
configure:3489: $? = 0
configure:3489: result: yes
configure:3489: checking for regex.h
configure:3489: result: yes
configure:3489: checking stdio.h usability
configure:3489: gcc -c -g -O2  conftest.c >&5
configure:3489: $? = 0
configure:3489: result: yes
configure:3489: checking stdio.h presence
configure:3489: gcc -E  conftest.c
configure:3489: $? = 0
configure:3489: result: yes
configure:3489: checking for stdio.h
configure:3489: result: yes
configure:3489: checking json.h usability
configure:3489: gcc -c -g -O2  conftest.c >&5
conftest.c:55:18: fatal error: json.h: No such file or directory
compilation terminated.
configure:3489: $? = 1
configure: failed program was:
| /* confdefs.h */
| #define PACKAGE_NAME "jsonschema-c"
| #define PACKAGE_TARNAME "jsonschema-c"
| #define PACKAGE_VERSION "0,1"
| #define PACKAGE_STRING "jsonschema-c 0,1"
| #define PACKAGE_BUGREPORT "ahamed@ocedo.com"
| #define PACKAGE_URL ""
| #define STDC_HEADERS 1
| #define HAVE_SYS_TYPES_H 1
| #define HAVE_SYS_STAT_H 1
| #define HAVE_STDLIB_H 1
| #define HAVE_STRING_H 1
| #define HAVE_MEMORY_H 1
| #define HAVE_STRINGS_H 1
| #define HAVE_INTTYPES_H 1
| #define HAVE_STDINT_H 1
| #define HAVE_UNISTD_H 1
| #define HAVE_STRING_H 1
| #define HAVE_REGEX_H 1
| #define HAVE_STDIO_H 1
| /* end confdefs.h.  */
| #include <stdio.h>
| #ifdef HAVE_SYS_TYPES_H
| # include <sys/types.h>
| #endif
| #ifdef HAVE_SYS_STAT_H
| # include <sys/stat.h>
| #endif
| #ifdef STDC_HEADERS
| # include <stdlib.h>
| # include <stddef.h>
| #else
| # ifdef HAVE_STDLIB_H
| #  include <stdlib.h>
| # endif
| #endif
| #ifdef HAVE_STRING_H
| # if !defined STDC_HEADERS && defined HAVE_MEMORY_H
| #  include <memory.h>
| # endif
| # include <string.h>
| #endif
| #ifdef HAVE_STRINGS_H
| # include <strings.h>
| #endif
| #ifdef HAVE_INTTYPES_H
| # include <inttypes.h>
| #endif
| #ifdef HAVE_STDINT_H
| # include <stdint.h>
| #endif
| #ifdef HAVE_UNISTD_H
| # include <unistd.h>
| #endif
| #include <json.h>
configure:3489: result: no
configure:3489: checking json.h presence
configure:3489: gcc -E  conftest.c
conftest.c:22:18: fatal error: json.h: No such file or directory
compilation terminated.
configure:3489: $? = 1
configure: failed program was:
| /* confdefs.h */
| #define PACKAGE_NAME "jsonschema-c"
| #define PACKAGE_TARNAME "jsonschema-c"
| #define PACKAGE_VERSION "0,1"
| #define PACKAGE_STRING "jsonschema-c 0,1"
| #define PACKAGE_BUGREPORT "ahamed@ocedo.com"
| #define PACKAGE_URL ""
| #define STDC_HEADERS 1
| #define HAVE_SYS_TYPES_H 1
| #define HAVE_SYS_STAT_H 1
| #define HAVE_STDLIB_H 1
| #define HAVE_STRING_H 1
| #define HAVE_MEMORY_H 1
| #define HAVE_STRINGS_H 1
| #define HAVE_INTTYPES_H 1
| #define HAVE_STDINT_H 1
| #define HAVE_UNISTD_H 1
| #define HAVE_STRING_H 1
| #define HAVE_REGEX_H 1
| #define HAVE_STDIO_H 1
| /* end confdefs.h.  */
| #include <json.h>
configure:3489: result: no
configure:3489: checking for json.h
configure:3489: result: no
configure:3489: checking linkhash.h usability
configure:3489: gcc -c -g -O2  conftest.c >&5
conftest.c:55:22: fatal error: linkhash.h: No such file or directory
compilation terminated.
configure:3489: $? = 1
configure: failed program was:
| /* confdefs.h */
| #define PACKAGE_NAME "jsonschema-c"
| #define PACKAGE_TARNAME "jsonschema-c"
| #define PACKAGE_VERSION "0,1"
| #define PACKAGE_STRING "jsonschema-c 0,1"
| #define PACKAGE_BUGREPORT "ahamed@ocedo.com"
| #define PACKAGE_URL ""
| #define STDC_HEADERS 1
| #define HAVE_SYS_TYPES_H 1
| #define HAVE_SYS_STAT_H 1
| #define HAVE_STDLIB_H 1
| #define HAVE_STRING_H 1
| #define HAVE_MEMORY_H 1
| #define HAVE_STRINGS_H 1
| #define HAVE_INTTYPES_H 1
| #define HAVE_STDINT_H 1
| #define HAVE_UNISTD_H 1
| #define HAVE_STRING_H 1
| #define HAVE_REGEX_H 1
| #define HAVE_STDIO_H 1
| /* end confdefs.h.  */
| #include <stdio.h>
| #ifdef HAVE_SYS_TYPES_H
| # include <sys/types.h>
| #endif
| #ifdef HAVE_SYS_STAT_H
| # include <sys/stat.h>
| #endif
| #ifdef STDC_HEADERS
| # include <stdlib.h>
| # include <stddef.h>
| #else
| # ifdef HAVE_STDLIB_H
| #  include <stdlib.h>
| # endif
| #endif
| #ifdef HAVE_STRING_H
| # if !defined STDC_HEADERS && defined HAVE_MEMORY_H
| #  include <memory.h>
| # endif
| # include <string.h>
| #endif
| #ifdef HAVE_STRINGS_H
| # include <strings.h>
| #endif
| #ifdef HAVE_INTTYPES_H
| # include <inttypes.h>
| #endif
| #ifdef HAVE_STDINT_H
| # include <stdint.h>
| #endif
| #ifdef HAVE_UNISTD_H
| # include <unistd.h>
| #endif
| #include <linkhash.h>
configure:3489: result: no
configure:3489: checking linkhash.h presence
configure:3489: gcc -E  conftest.c
conftest.c:22:22: fatal error: linkhash.h: No such file or directory
compilation terminated.
configure:3489: $? = 1
configure: failed program was:
| /* confdefs.h */
| #define PACKAGE_NAME "jsonschema-c"
| #define PACKAGE_TARNAME "jsonschema-c"
| #define PACKAGE_VERSION "0,1"
| #define PACKAGE_STRING "jsonschema-c 0,1"
| #define PACKAGE_BUGREPORT "ahamed@ocedo.com"
| #define PACKAGE_URL ""
| #define STDC_HEADERS 1
| #define HAVE_SYS_TYPES_H 1
| #define HAVE_SYS_STAT_H 1
| #define HAVE_STDLIB_H 1
| #define HAVE_STRING_H 1
| #define HAVE_MEMORY_H 1
| #define HAVE_STRINGS_H 1
| #define HAVE_INTTYPES_H 1
| #define HAVE_STDINT_H 1
| #define HAVE_UNISTD_H 1
| #define HAVE_STRING_H 1
| #define HAVE_REGEX_H 1
| #define HAVE_STDIO_H 1
| /* end confdefs.h.  */
| #include <linkhash.h>
configure:3489: result: no
configure:3489: checking for linkhash.h
configure:3489: result: no
configure:3506: checking for memset
configure:3506: gcc -o conftest -g -O2   conftest.c  >&5
conftest.c:45:6: warning: conflicting types for built-in function 'memset'
 char memset ();
      ^
configure:3506: $? = 0
configure:3506: result: yes
configure:3506: checking for regcomp
configure:3506: gcc -o conftest -g -O2   conftest.c  >&5
configure:3506: $? = 0
configure:3506: result: yes
configure:3516: checking for json_object_get_type in -ljson-c
configure:3541: gcc -o conftest -g -O2   conftest.c -ljson-c   >&5
configure:3541: $? = 0
configure:3550: result: yes
configure:3596: checking build system type
configure:3610: result: x86_64-unknown-linux-gnu
configure:3630: checking host system type
configure:3643: result: x86_64-unknown-linux-gnu
configure:3684: checking how to print strings
configure:3711: result: printf
configure:3732: checking for a sed that does not truncate output
configure:3796: result: /bin/sed
configure:3814: checking for fgrep
configure:3876: result: /bin/grep -F
configure:3911: checking for ld used by gcc
configure:3978: result: /usr/bin/ld
configure:3985: checking if the linker (/usr/bin/ld) is GNU ld
configure:4000: result: yes
configure:4012: checking for BSD- or MS-compatible name lister (nm)
configure:4061: result: /usr/bin/nm -B
configure:4191: checking the name lister (/usr/bin/nm -B) interface
configure:4198: gcc -c -g -O2  conftest.c >&5
configure:4201: /usr/bin/nm -B "conftest.o"
configure:4204: output
0000000000000000 B some_variable
configure:4211: result: BSD nm
configure:4214: checking whether ln -s works
configure:4218: result: yes
configure:4226: checking the maximum length of command line arguments
configure:4357: result: 1572864
configure:4374: checking whether the shell understands some XSI constructs
configure:4384: result: yes
configure:4388: checking whether the shell understands "+="
configure:4394: result: yes
configure:4429: checking how to convert x86_64-unknown-linux-gnu file names to x86_64-unknown-linux-gnu format
configure:4469: result: func_convert_file_noop
configure:4476: checking how to convert x86_64-unknown-linux-gnu file names to toolchain format
configure:4496: result: func_convert_file_noop
configure:4503: checking for /usr/bin/ld option to reload object files
configure:4510: result: -r
configure:4584: checking for objdump
configure:4600: found /usr/bin/objdump
configure:4611: result: objdump
configure:4643: checking how to recognize dependent libraries
configure:4841: result: pass_all
configure:4926: checking for dlltool
configure:4956: result: no
configure:4986: checking how to associate runtime and link libraries
configure:5013: result: printf %s\n
configure:5073: checking for ar
configure:5089: found /usr/bin/ar
configure:5100: result: ar
configure:5137: checking for archiver @FILE support
configure:5154: gcc -c -g -O2  conftest.c >&5
configure:5154: $? = 0
configure:5157: ar cru libconftest.a @conftest.lst >&5
ar: `u' modifier ignored since `D' is the default (see `U')
configure:5160: $? = 0
configure:5165: ar cru libconftest.a @conftest.lst >&5
ar: `u' modifier ignored since `D' is the default (see `U')
ar: conftest.o: No such file or directory
configure:5168: $? = 1
configure:5180: result: @
configure:5238: checking for strip
configure:5254: found /usr/bin/strip
configure:5265: result: strip
configure:5337: checking for ranlib
configure:5353: found /usr/bin/ranlib
configure:5364: result: ranlib
configure:5441: checking for gawk
configure:5457: found /usr/bin/gawk
configure:5468: result: gawk
configure:5508: checking command to parse /usr/bin/nm -B output from gcc object
configure:5628: gcc -c -g -O2  conftest.c >&5
configure:5631: $? = 0
configure:5635: /usr/bin/nm -B conftest.o \| sed -n -e 's/^.*[ ]\([ABCDGIRSTW][ABCDGIRSTW]*\)[ ][ ]*\([_A-Za-z][_A-Za-z0-9]*\)$/\1 \2 \2/p' | sed '/ __gnu_lto/d' \> conftest.nm
configure:5638: $? = 0
configure:5704: gcc -o conftest -g -O2   conftest.c conftstm.o >&5
configure:5707: $? = 0
configure:5745: result: ok
configure:5782: checking for sysroot
configure:5812: result: no
configure:5889: gcc -c -g -O2  conftest.c >&5
configure:5892: $? = 0
configure:6081: checking for mt
configure:6097: found /bin/mt
configure:6108: result: mt
configure:6131: checking if mt is a manifest tool
configure:6137: mt '-?'
configure:6145: result: no
configure:6784: checking for dlfcn.h
configure:6784: gcc -c -g -O2  conftest.c >&5
configure:6784: $? = 0
configure:6784: result: yes
configure:6990: checking for objdir
configure:7005: result: .libs
configure:7272: checking if gcc supports -fno-rtti -fno-exceptions
configure:7290: gcc -c -g -O2  -fno-rtti -fno-exceptions conftest.c >&5
cc1: warning: command line option '-fno-rtti' is valid for C++/ObjC++ but not for C
configure:7294: $? = 0
configure:7307: result: no
configure:7634: checking for gcc option to produce PIC
configure:7641: result: -fPIC -DPIC
configure:7649: checking if gcc PIC flag -fPIC -DPIC works
configure:7667: gcc -c -g -O2  -fPIC -DPIC -DPIC conftest.c >&5
configure:7671: $? = 0
configure:7684: result: yes
configure:7713: checking if gcc static flag -static works
configure:7741: result: yes
configure:7756: checking if gcc supports -c -o file.o
configure:7777: gcc -c -g -O2  -o out/conftest2.o conftest.c >&5
configure:7781: $? = 0
configure:7803: result: yes
configure:7811: checking if gcc supports -c -o file.o
configure:7858: result: yes
configure:7891: checking whether the gcc linker (/usr/bin/ld -m elf_x86_64) supports shared libraries
configure:9048: result: yes
configure:9085: checking whether -lc should be explicitly linked in
configure:9093: gcc -c -g -O2  conftest.c >&5
configure:9096: $? = 0
configure:9111: gcc -shared  -fPIC -DPIC conftest.o  -v -Wl,-soname -Wl,conftest -o conftest 2\>\&1 \| /bin/grep  -lc  \>/dev/null 2\>\&1
configure:9114: $? = 0
configure:9128: result: no
configure:9288: checking dynamic linker characteristics
configure:9788: gcc -o conftest -g -O2   -Wl,-rpath -Wl,/foo conftest.c -ljson-c  >&5
configure:9788: $? = 0
configure:10022: result: GNU/Linux ld.so
configure:10129: checking how to hardcode library paths into programs
configure:10154: result: immediate
configure:10694: checking whether stripping libraries is possible
configure:10699: result: yes
configure:10734: checking if libtool supports shared libraries
configure:10736: result: yes
configure:10739: checking whether to build shared libraries
configure:10760: result: yes
configure:10763: checking whether to build static libraries
configure:10767: result: yes
configure:10820: checking for a BSD-compatible install
configure:10888: result: /usr/bin/install -c
configure:10899: checking whether build environment is sane
configure:10954: result: yes
configure:11102: checking for a thread-safe mkdir -p
configure:11141: result: /bin/mkdir -p
configure:11144: checking whether make sets $(MAKE)
configure:11166: result: yes
configure:11196: checking for style of include used by make
configure:11224: result: GNU
configure:11258: checking whether make supports nested variables
configure:11275: result: yes
configure:11360: checking dependency style of gcc
configure:11471: result: gcc3
configure:11577: checking for gcc
configure:11604: result: gcc
configure:11833: checking for C compiler version
configure:11842: gcc --version >&5
gcc (Ubuntu 5.2.1-22ubuntu2) 5.2.1 20151010
Copyright (C) 2015 Free Software Foundation, Inc.
This is free software; see the source for copying conditions.  There is NO
warranty; not even for MERCHANTABILITY or FITNESS FOR A PARTICULAR PURPOSE.

configure:11853: $? = 0
configure:11842: gcc -v >&5
Using built-in specs.
COLLECT_GCC=gcc
COLLECT_LTO_WRAPPER=/usr/lib/gcc/x86_64-linux-gnu/5/lto-wrapper
Target: x86_64-linux-gnu
Configured with: ../src/configure -v --with-pkgversion='Ubuntu 5.2.1-22ubuntu2' --with-bugurl=file:///usr/share/doc/gcc-5/README.Bugs --enable-languages=c,ada,c++,java,go,d,fortran,objc,obj-c++ --prefix=/usr --program-suffix=-5 --enable-shared --enable-linker-build-id --libexecdir=/usr/lib --without-included-gettext --enable-threads=posix --libdir=/usr/lib --enable-nls --with-sysroot=/ --enable-clocale=gnu --enable-libstdcxx-debug --enable-libstdcxx-time=yes --with-default-libstdcxx-abi=new --enable-gnu-unique-object --disable-vtable-verify --enable-libmpx --enable-plugin --with-system-zlib --disable-browser-plugin --enable-java-awt=gtk --enable-gtk-cairo --with-java-home=/usr/lib/jvm/java-1.5.0-gcj-5-amd64/jre --enable-java-home --with-jvm-root-dir=/usr/lib/jvm/java-1.5.0-gcj-5-amd64 --with-jvm-jar-dir=/usr/lib/jvm-exports/java-1.5.0-gcj-5-amd64 --with-arch-directory=amd64 --with-ecj-jar=/usr/share/java/eclipse-ecj.jar --enable-objc-gc --enable-multiarch --disable-werror --with-arch-32=i686 --with-abi=m64 --with-multilib-list=m32,m64,mx32 --enable-multilib --with-tune=generic --enable-checking=release --build=x86_64-linux-gnu --host=x86_64-linux-gnu --target=x86_64-linux-gnu
Thread model: posix
gcc version 5.2.1 20151010 (Ubuntu 5.2.1-22ubuntu2) 
configure:11853: $? = 0
configure:11842: gcc -V >&5
gcc: error: unrecognized command line option '-V'
gcc: fatal error: no input files
compilation terminated.
configure:11853: $? = 1
configure:11842: gcc -qversion >&5
gcc: error: unrecognized command line option '-qversion'
gcc: fatal error: no input files
compilation terminated.
configure:11853: $? = 1
configure:11857: checking whether we are using the GNU C compiler
configure:11885: result: yes
configure:11894: checking whether gcc accepts -g
configure:11955: result: yes
configure:11972: checking for gcc option to accept ISO C89
configure:12048: result: none needed
configure:12073: checking whether gcc understands -c and -o together
configure:12110: result: yes
configure:12170: checking for ranlib
configure:12197: result: ranlib
configure:12367: checking that generated files are newer than configure
configure:12373: result: done
configure:12396: creating ./config.status

## ---------------------- ##
## Running config.status. ##
## ---------------------- ##

This file was extended by jsonschema-c config.status 0,1, which was
generated by GNU Autoconf 2.69.  Invocation command line was

  CONFIG_FILES    = 
  CONFIG_HEADERS  = 
  CONFIG_LINKS    = 
  CONFIG_COMMANDS = 
  $ ./config.status 

on amine-All-Series

config.status:1004: creating Makefile
config.status:1004: creating tests/Makefile
config.status:1176: executing libtool commands
config.status:1176: executing depfiles commands

## ---------------- ##
## Cache variables. ##
## ---------------- ##

ac_cv_build=x86_64-unknown-linux-gnu
ac_cv_c_compiler_gnu=yes
ac_cv_env_CC_set=
ac_cv_env_CC_value=
ac_cv_env_CFLAGS_set=
ac_cv_env_CFLAGS_value=
ac_cv_env_CPPFLAGS_set=
ac_cv_env_CPPFLAGS_value=
ac_cv_env_CPP_set=
ac_cv_env_CPP_value=
ac_cv_env_LDFLAGS_set=
ac_cv_env_LDFLAGS_value=
ac_cv_env_LIBS_set=
ac_cv_env_LIBS_value=
ac_cv_env_build_alias_set=
ac_cv_env_build_alias_value=
ac_cv_env_host_alias_set=
ac_cv_env_host_alias_value=
ac_cv_env_target_alias_set=
ac_cv_env_target_alias_value=
ac_cv_func_memset=yes
ac_cv_func_regcomp=yes
ac_cv_header_dlfcn_h=yes
ac_cv_header_inttypes_h=yes
ac_cv_header_json_h=no
ac_cv_header_linkhash_h=no
ac_cv_header_memory_h=yes
ac_cv_header_regex_h=yes
ac_cv_header_stdc=yes
ac_cv_header_stdint_h=yes
ac_cv_header_stdio_h=yes
ac_cv_header_stdlib_h=yes
ac_cv_header_string_h=yes
ac_cv_header_strings_h=yes
ac_cv_header_sys_stat_h=yes
ac_cv_header_sys_types_h=yes
ac_cv_header_unistd_h=yes
ac_cv_host=x86_64-unknown-linux-gnu
ac_cv_lib_json_c_json_object_get_type=yes
ac_cv_objext=o
ac_cv_path_EGREP='/bin/grep -E'
ac_cv_path_FGREP='/bin/grep -F'
ac_cv_path_GREP=/bin/grep
ac_cv_path_SED=/bin/sed
ac_cv_path_install='/usr/bin/install -c'
ac_cv_path_mkdir=/bin/mkdir
ac_cv_prog_AWK=gawk
ac_cv_prog_CPP='gcc -E'
ac_cv_prog_ac_ct_AR=ar
ac_cv_prog_ac_ct_CC=gcc
ac_cv_prog_ac_ct_MANIFEST_TOOL=mt
ac_cv_prog_ac_ct_OBJDUMP=objdump
ac_cv_prog_ac_ct_RANLIB=ranlib
ac_cv_prog_ac_ct_STRIP=strip
ac_cv_prog_cc_c89=
ac_cv_prog_cc_g=yes
ac_cv_prog_make_make_set=yes
am_cv_CC_dependencies_compiler_type=gcc3
am_cv_make_support_nested_variables=yes
am_cv_prog_cc_c_o=yes
lt_cv_ar_at_file=@
lt_cv_archive_cmds_need_lc=no
lt_cv_deplibs_check_method=pass_all
lt_cv_file_magic_cmd='$MAGIC_CMD'
lt_cv_file_magic_test_file=
lt_cv_ld_reload_flag=-r
lt_cv_nm_interface='BSD nm'
lt_cv_objdir=.libs
lt_cv_path_LD=/usr/bin/ld
lt_cv_path_NM='/usr/bin/nm -B'
lt_cv_path_mainfest_tool=no
lt_cv_prog_compiler_c_o=yes
lt_cv_prog_compiler_pic='-fPIC -DPIC'
lt_cv_prog_compiler_pic_works=yes
lt_cv_prog_compiler_rtti_exceptions=no
lt_cv_prog_compiler_static_works=yes
lt_cv_prog_gnu_ld=yes
lt_cv_sharedlib_from_linklib_cmd='printf %s\n'
lt_cv_shlibpath_overrides_runpath=no
lt_cv_sys_global_symbol_pipe='sed -n -e '\''s/^.*[	 ]\([ABCDGIRSTW][ABCDGIRSTW]*\)[	 ][	 ]*\([_A-Za-z][_A-Za-z0-9]*\)$/\1 \2 \2/p'\'' | sed '\''/ __gnu_lto/d'\'''
lt_cv_sys_global_symbol_to_c_name_address='sed -n -e '\''s/^: \([^ ]*\)[ ]*$/  {\"\1\", (void *) 0},/p'\'' -e '\''s/^[ABCDGIRSTW]* \([^ ]*\) \([^ ]*\)$/  {"\2", (void *) \&\2},/p'\'''
lt_cv_sys_global_symbol_to_c_name_address_lib_prefix='sed -n -e '\''s/^: \([^ ]*\)[ ]*$/  {\"\1\", (void *) 0},/p'\'' -e '\''s/^[ABCDGIRSTW]* \([^ ]*\) \(lib[^ ]*\)$/  {"\2", (void *) \&\2},/p'\'' -e '\''s/^[ABCDGIRSTW]* \([^ ]*\) \([^ ]*\)$/  {"lib\2", (void *) \&\2},/p'\'''
lt_cv_sys_global_symbol_to_cdecl='sed -n -e '\''s/^T .* \(.*\)$/extern int \1();/p'\'' -e '\''s/^[ABCDGIRSTW]* .* \(.*\)$/extern char \1;/p'\'''
lt_cv_sys_max_cmd_len=1572864
lt_cv_to_host_file_cmd=func_convert_file_noop
lt_cv_to_tool_file_cmd=func_convert_file_noop

## ----------------- ##
## Output variables. ##
## ----------------- ##

ACLOCAL='${SHELL} /home/amine/dev/jsonSchema-c/missing aclocal-1.15'
AMDEPBACKSLASH='\'
AMDEP_FALSE='#'
AMDEP_TRUE=''
AMTAR='$${TAR-tar}'
AM_BACKSLASH='\'
AM_DEFAULT_V='$(AM_DEFAULT_VERBOSITY)'
AM_DEFAULT_VERBOSITY='1'
AM_V='$(V)'
AR='ar'
AUTOCONF='${SHELL} /home/amine/dev/jsonSchema-c/missing autoconf'
AUTOHEADER='${SHELL} /home/amine/dev/jsonSchema-c/missing autoheader'
AUTOMAKE='${SHELL} /home/amine/dev/jsonSchema-c/missing automake-1.15'
AWK='gawk'
CC='gcc'
CCDEPMODE='depmode=gcc3'
CFLAGS='-g -O2'
CPP='gcc -E'
CPPFLAGS=''
CYGPATH_W='echo'
DEFS='-DPACKAGE_NAME=\"jsonschema-c\" -DPACKAGE_TARNAME=\"jsonschema-c\" -DPACKAGE_VERSION=\"0,1\" -DPACKAGE_STRING=\"jsonschema-c\ 0,1\" -DPACKAGE_BUGREPORT=\"ahamed@ocedo.com\" -DPACKAGE_URL=\"\" -DSTDC_HEADERS=1 -DHAVE_SYS_TYPES_H=1 -DHAVE_SYS_STAT_H=1 -DHAVE_STDLIB_H=1 -DHAVE_STRING_H=1 -DHAVE_MEMORY_H=1 -DHAVE_STRINGS_H=1 -DHAVE_INTTYPES_H=1 -DHAVE_STDINT_H=1 -DHAVE_UNISTD_H=1 -DHAVE_STRING_H=1 -DHAVE_REGEX_H=1 -DHAVE_STDIO_H=1 -DHAVE_MEMSET=1 -DHAVE_REGCOMP=1 -DHAVE_LIBJSON_C=1 -DHAVE_DLFCN_H=1 -DLT_OBJDIR=\".libs/\" -DPACKAGE=\"jsonschema-c\" -DVERSION=\"0,1\"'
DEPDIR='.deps'
DLLTOOL='false'
DSYMUTIL=''
DUMPBIN=''
ECHO_C=''
ECHO_N='-n'
ECHO_T=''
EGREP='/bin/grep -E'
EXEEXT=''
FGREP='/bin/grep -F'
GREP='/bin/grep'
INSTALL_DATA='${INSTALL} -m 644'
INSTALL_PROGRAM='${INSTALL}'
INSTALL_SCRIPT='${INSTALL}'
INSTALL_STRIP_PROGRAM='$(install_sh) -c -s'
LD='/usr/bin/ld -m elf_x86_64'
LDFLAGS=''
LIBOBJS=''
LIBS='-ljson-c '
LIBTOOL='$(SHELL) $(top_builddir)/libtool'
LIPO=''
LN_S='ln -s'
LTLIBOBJS=''
MAKEINFO='${SHELL} /home/amine/dev/jsonSchema-c/missing makeinfo'
MANIFEST_TOOL=':'
MKDIR_P='/bin/mkdir -p'
NM='/usr/bin/nm -B'
NMEDIT=''
OBJDUMP='objdump'
OBJEXT='o'
OTOOL64=''
OTOOL=''
PACKAGE='jsonschema-c'
PACKAGE_BUGREPORT='ahamed@ocedo.com'
PACKAGE_NAME='jsonschema-c'
PACKAGE_STRING='jsonschema-c 0,1'
PACKAGE_TARNAME='jsonschema-c'
PACKAGE_URL=''
PACKAGE_VERSION='0,1'
PATH_SEPARATOR=':'
RANLIB='ranlib'
SED='/bin/sed'
SET_MAKE=''
SHELL='/bin/bash'
STRIP='strip'
VERSION='0,1'
ac_ct_AR='ar'
ac_ct_CC='gcc'
ac_ct_DUMPBIN=''
am__EXEEXT_FALSE=''
am__EXEEXT_TRUE='#'
am__fastdepCC_FALSE='#'
am__fastdepCC_TRUE=''
am__include='include'
am__isrc=''
am__leading_dot='.'
am__nodep='_no'
am__quote=''
am__tar='$${TAR-tar} chof - "$$tardir"'
am__untar='$${TAR-tar} xf -'
bindir='${exec_prefix}/bin'
build='x86_64-unknown-linux-gnu'
build_alias=''
build_cpu='x86_64'
build_os='linux-gnu'
build_vendor='unknown'
datadir='${datarootdir}'
datarootdir='${prefix}/share'
docdir='${datarootdir}/doc/${PACKAGE_TARNAME}'
dvidir='${docdir}'
exec_prefix='${prefix}'
host='x86_64-unknown-linux-gnu'
host_alias=''
host_cpu='x86_64'
host_os='linux-gnu'
host_vendor='unknown'
htmldir='${docdir}'
includedir='${prefix}/include'
infodir='${datarootdir}/info'
install_sh='${SHELL} /home/amine/dev/jsonSchema-c/install-sh'
libdir='${exec_prefix}/lib'
libexecdir='${exec_prefix}/libexec'
localedir='${datarootdir}/locale'
localstatedir='${prefix}/var'
mandir='${datarootdir}/man'
mkdir_p='$(MKDIR_P)'
oldincludedir='/usr/include'
pdfdir='${docdir}'
prefix='/usr/local'
program_transform_name='s,x,x,'
psdir='${docdir}'
sbindir='${exec_prefix}/sbin'
sharedstatedir='${prefix}/com'
sysconfdir='${prefix}/etc'
target_alias=''

## ----------- ##
## confdefs.h. ##
## ----------- ##

/* confdefs.h */
#define PACKAGE_NAME "jsonschema-c"
#define PACKAGE_TARNAME "jsonschema-c"
#define PACKAGE_VERSION "0,1"
#define PACKAGE_STRING "jsonschema-c 0,1"
#define PACKAGE_BUGREPORT "ahamed@ocedo.com"
#define PACKAGE_URL ""
#define STDC_HEADERS 1
#define HAVE_SYS_TYPES_H 1
#define HAVE_SYS_STAT_H 1
#define HAVE_STDLIB_H 1
#define HAVE_STRING_H 1
#define HAVE_MEMORY_H 1
#define HAVE_STRINGS_H 1
#define HAVE_INTTYPES_H 1
#define HAVE_STDINT_H 1
#define HAVE_UNISTD_H 1
#define HAVE_STRING_H 1
#define HAVE_REGEX_H 1
#define HAVE_STDIO_H 1
#define HAVE_MEMSET 1
#define HAVE_REGCOMP 1
#define HAVE_LIBJSON_C 1
#define HAVE_DLFCN_H 1
#define LT_OBJDIR ".libs/"
#define PACKAGE "jsonschema-c"
#define VERSION "0,1"

configure: exit 0

## ---------------------- ##
## Running config.status. ##
## ---------------------- ##

This file was extended by jsonschema-c config.status 0,1, which was
generated by GNU Autoconf 2.69.  Invocation command line was

  CONFIG_FILES    = 
  CONFIG_HEADERS  = 
  CONFIG_LINKS    = 
  CONFIG_COMMANDS = 
  $ ./config.status Makefile depfiles

on amine-All-Series

config.status:1004: creating Makefile
config.status:1176: executing depfiles commands

## ---------------------- ##
## Running config.status. ##
## ---------------------- ##

This file was extended by jsonschema-c config.status 0,1, which was
generated by GNU Autoconf 2.69.  Invocation command line was

  CONFIG_FILES    = 
  CONFIG_HEADERS  = 
  CONFIG_LINKS    = 
  CONFIG_COMMANDS = 
  $ ./config.status tests/Makefile depfiles

on amine-All-Series

config.status:1004: creating tests/Makefile
config.status:1176: executing depfiles commands

## ---------------------- ##
## Running config.status. ##
## ---------------------- ##

This file was extended by jsonschema-c config.status 0,1, which was
generated by GNU Autoconf 2.69.  Invocation command line was

  CONFIG_FILES    = 
  CONFIG_HEADERS  = 
  CONFIG_LINKS    = 
  CONFIG_COMMANDS = 
  $ ./config.status Makefile depfiles

on amine-All-Series

config.status:1004: creating Makefile
config.status:1176: executing depfiles commands

## ---------------------- ##
## Running config.status. ##
## ---------------------- ##

This file was extended by jsonschema-c config.status 0,1, which was
generated by GNU Autoconf 2.69.  Invocation command line was

  CONFIG_FILES    = 
  CONFIG_HEADERS  = 
  CONFIG_LINKS    = 
  CONFIG_COMMANDS = 
  $ ./config.status tests/Makefile depfiles

on amine-All-Series

config.status:1004: creating tests/Makefile
config.status:1176: executing depfiles commands

## ---------------------- ##
## Running config.status. ##
## ---------------------- ##

This file was extended by jsonschema-c config.status 0,1, which was
generated by GNU Autoconf 2.69.  Invocation command line was

  CONFIG_FILES    = 
  CONFIG_HEADERS  = 
  CONFIG_LINKS    = 
  CONFIG_COMMANDS = 
  $ ./config.status Makefile depfiles

on amine-All-Series

config.status:1004: creating Makefile
config.status:1176: executing depfiles commands

## ---------------------- ##
## Running config.status. ##
## ---------------------- ##

This file was extended by jsonschema-c config.status 0,1, which was
generated by GNU Autoconf 2.69.  Invocation command line was

  CONFIG_FILES    = 
  CONFIG_HEADERS  = 
  CONFIG_LINKS    = 
  CONFIG_COMMANDS = 
  $ ./config.status tests/Makefile depfiles

on amine-All-Series

config.status:1004: creating tests/Makefile
config.status:1176: executing depfiles commands

## ---------------------- ##
## Running config.status. ##
## ---------------------- ##

This file was extended by jsonschema-c config.status 0,1, which was
generated by GNU Autoconf 2.69.  Invocation command line was

  CONFIG_FILES    = 
  CONFIG_HEADERS  = 
  CONFIG_LINKS    = 
  CONFIG_COMMANDS = 
  $ ./config.status Makefile depfiles

on amine-All-Series

config.status:1004: creating Makefile
config.status:1176: executing depfiles commands

## ---------------------- ##
## Running config.status. ##
## ---------------------- ##

This file was extended by jsonschema-c config.status 0,1, which was
generated by GNU Autoconf 2.69.  Invocation command line was

  CONFIG_FILES    = 
  CONFIG_HEADERS  = 
  CONFIG_LINKS    = 
  CONFIG_COMMANDS = 
  $ ./config.status tests/Makefile depfiles

on amine-All-Series

config.status:1004: creating tests/Makefile
config.status:1176: executing depfiles commands

## ---------------------- ##
## Running config.status. ##
## ---------------------- ##

This file was extended by jsonschema-c config.status 0,1, which was
generated by GNU Autoconf 2.69.  Invocation command line was

  CONFIG_FILES    = 
  CONFIG_HEADERS  = 
  CONFIG_LINKS    = 
  CONFIG_COMMANDS = 
  $ ./config.status Makefile depfiles

on amine-All-Series

config.status:1004: creating Makefile
config.status:1176: executing depfiles commands

## ---------------------- ##
## Running config.status. ##
## ---------------------- ##

This file was extended by jsonschema-c config.status 0,1, which was
generated by GNU Autoconf 2.69.  Invocation command line was

  CONFIG_FILES    = 
  CONFIG_HEADERS  = 
  CONFIG_LINKS    = 
  CONFIG_COMMANDS = 
  $ ./config.status tests/Makefile depfiles

on amine-All-Series

config.status:1004: creating tests/Makefile
config.status:1176: executing depfiles commands

## ---------------------- ##
## Running config.status. ##
## ---------------------- ##

This file was extended by jsonschema-c config.status 0,1, which was
generated by GNU Autoconf 2.69.  Invocation command line was

  CONFIG_FILES    = 
  CONFIG_HEADERS  = 
  CONFIG_LINKS    = 
  CONFIG_COMMANDS = 
  $ ./config.status Makefile depfiles

on amine-All-Series

config.status:1004: creating Makefile
config.status:1176: executing depfiles commands

## ---------------------- ##
## Running config.status. ##
## ---------------------- ##

This file was extended by jsonschema-c config.status 0,1, which was
generated by GNU Autoconf 2.69.  Invocation command line was

  CONFIG_FILES    = 
  CONFIG_HEADERS  = 
  CONFIG_LINKS    = 
  CONFIG_COMMANDS = 
  $ ./config.status tests/Makefile depfiles

on amine-All-Series

config.status:1004: creating tests/Makefile
config.status:1176: executing depfiles commands

## ---------------------- ##
## Running config.status. ##
## ---------------------- ##

This file was extended by jsonschema-c config.status 0,1, which was
generated by GNU Autoconf 2.69.  Invocation command line was

  CONFIG_FILES    = 
  CONFIG_HEADERS  = 
  CONFIG_LINKS    = 
  CONFIG_COMMANDS = 
  $ ./config.status Makefile depfiles

on amine-All-Series

config.status:1004: creating Makefile
config.status:1176: executing depfiles commands

## ---------------------- ##
## Running config.status. ##
## ---------------------- ##

This file was extended by jsonschema-c config.status 0,1, which was
generated by GNU Autoconf 2.69.  Invocation command line was

  CONFIG_FILES    = 
  CONFIG_HEADERS  = 
  CONFIG_LINKS    = 
  CONFIG_COMMANDS = 
  $ ./config.status tests/Makefile depfiles

on amine-All-Series

config.status:1004: creating tests/Makefile
config.status:1176: executing depfiles commands

## ---------------------- ##
## Running config.status. ##
## ---------------------- ##

This file was extended by jsonschema-c config.status 0,1, which was
generated by GNU Autoconf 2.69.  Invocation command line was

  CONFIG_FILES    = 
  CONFIG_HEADERS  = 
  CONFIG_LINKS    = 
  CONFIG_COMMANDS = 
  $ ./config.status tests/Makefile depfiles

on amine-All-Series

config.status:1004: creating tests/Makefile
config.status:1176: executing depfiles commands

## ---------------------- ##
## Running config.status. ##
## ---------------------- ##

This file was extended by jsonschema-c config.status 0,1, which was
generated by GNU Autoconf 2.69.  Invocation command line was

  CONFIG_FILES    = 
  CONFIG_HEADERS  = 
  CONFIG_LINKS    = 
  CONFIG_COMMANDS = 
  $ ./config.status Makefile depfiles

on amine-All-Series

config.status:1004: creating Makefile
config.status:1176: executing depfiles commands

## ---------------------- ##
## Running config.status. ##
## ---------------------- ##

This file was extended by jsonschema-c config.status 0,1, which was
generated by GNU Autoconf 2.69.  Invocation command line was

  CONFIG_FILES    = 
  CONFIG_HEADERS  = 
  CONFIG_LINKS    = 
  CONFIG_COMMANDS = 
  $ ./config.status tests/Makefile depfiles

on amine-All-Series

config.status:1004: creating tests/Makefile
config.status:1176: executing depfiles commands

## ---------------------- ##
## Running config.status. ##
## ---------------------- ##

This file was extended by jsonschema-c config.status 0,1, which was
generated by GNU Autoconf 2.69.  Invocation command line was

  CONFIG_FILES    = 
  CONFIG_HEADERS  = 
  CONFIG_LINKS    = 
  CONFIG_COMMANDS = 
  $ ./config.status Makefile depfiles

on amine-All-Series

config.status:1004: creating Makefile
config.status:1176: executing depfiles commands

## ---------------------- ##
## Running config.status. ##
## ---------------------- ##

This file was extended by jsonschema-c config.status 0,1, which was
generated by GNU Autoconf 2.69.  Invocation command line was

  CONFIG_FILES    = 
  CONFIG_HEADERS  = 
  CONFIG_LINKS    = 
  CONFIG_COMMANDS = 
  $ ./config.status Makefile depfiles

on amine-All-Series

config.status:1004: creating Makefile
config.status:1176: executing depfiles commands

## ---------------------- ##
## Running config.status. ##
## ---------------------- ##

This file was extended by jsonschema-c config.status 0,1, which was
generated by GNU Autoconf 2.69.  Invocation command line was

  CONFIG_FILES    = 
  CONFIG_HEADERS  = 
  CONFIG_LINKS    = 
  CONFIG_COMMANDS = 
  $ ./config.status tests/Makefile depfiles

on amine-All-Series

config.status:1004: creating tests/Makefile
config.status:1176: executing depfiles commands

## ---------------------- ##
## Running config.status. ##
## ---------------------- ##

This file was extended by jsonschema-c config.status 0,1, which was
generated by GNU Autoconf 2.69.  Invocation command line was

  CONFIG_FILES    = 
  CONFIG_HEADERS  = 
  CONFIG_LINKS    = 
  CONFIG_COMMANDS = 
  $ ./config.status tests/Makefile depfiles

on amine-All-Series

config.status:1004: creating tests/Makefile
config.status:1176: executing depfiles commands

## ---------------------- ##
## Running config.status. ##
## ---------------------- ##

This file was extended by jsonschema-c config.status 0,1, which was
generated by GNU Autoconf 2.69.  Invocation command line was

  CONFIG_FILES    = 
  CONFIG_HEADERS  = 
  CONFIG_LINKS    = 
  CONFIG_COMMANDS = 
  $ ./config.status tests/Makefile depfiles

on amine-All-Series

config.status:1004: creating tests/Makefile
config.status:1176: executing depfiles commands

## ---------------------- ##
## Running config.status. ##
## ---------------------- ##

This file was extended by jsonschema-c config.status 0,1, which was
generated by GNU Autoconf 2.69.  Invocation command line was

  CONFIG_FILES    = 
  CONFIG_HEADERS  = 
  CONFIG_LINKS    = 
  CONFIG_COMMANDS = 
  $ ./config.status Makefile depfiles

on amine-All-Series

config.status:1004: creating Makefile
config.status:1176: executing depfiles commands

## ---------------------- ##
## Running config.status. ##
## ---------------------- ##

This file was extended by jsonschema-c config.status 0,1, which was
generated by GNU Autoconf 2.69.  Invocation command line was

  CONFIG_FILES    = 
  CONFIG_HEADERS  = 
  CONFIG_LINKS    = 
  CONFIG_COMMANDS = 
  $ ./config.status tests/Makefile depfiles

on amine-All-Series

config.status:1004: creating tests/Makefile
config.status:1176: executing depfiles commands

## ---------------------- ##
## Running config.status. ##
## ---------------------- ##

This file was extended by jsonschema-c config.status 0,1, which was
generated by GNU Autoconf 2.69.  Invocation command line was

  CONFIG_FILES    = 
  CONFIG_HEADERS  = 
  CONFIG_LINKS    = 
  CONFIG_COMMANDS = 
  $ ./config.status tests/Makefile depfiles

on amine-All-Series

config.status:1004: creating tests/Makefile
config.status:1176: executing depfiles commands

## ---------------------- ##
## Running config.status. ##
## ---------------------- ##

This file was extended by jsonschema-c config.status 0,1, which was
generated by GNU Autoconf 2.69.  Invocation command line was

  CONFIG_FILES    = 
  CONFIG_HEADERS  = 
  CONFIG_LINKS    = 
  CONFIG_COMMANDS = 
  $ ./config.status Makefile depfiles

on amine-All-Series

config.status:1004: creating Makefile
config.status:1176: executing depfiles commands

## ---------------------- ##
## Running config.status. ##
## ---------------------- ##

This file was extended by jsonschema-c config.status 0,1, which was
generated by GNU Autoconf 2.69.  Invocation command line was

  CONFIG_FILES    = 
  CONFIG_HEADERS  = 
  CONFIG_LINKS    = 
  CONFIG_COMMANDS = 
  $ ./config.status tests/Makefile depfiles

on amine-All-Series

config.status:1004: creating tests/Makefile
config.status:1176: executing depfiles commands

## ---------------------- ##
## Running config.status. ##
## ---------------------- ##

This file was extended by jsonschema-c config.status 0,1, which was
generated by GNU Autoconf 2.69.  Invocation command line was

  CONFIG_FILES    = 
  CONFIG_HEADERS  = 
  CONFIG_LINKS    = 
  CONFIG_COMMANDS = 
  $ ./config.status Makefile depfiles

on amine-All-Series

config.status:1004: creating Makefile
config.status:1176: executing depfiles commands

## ---------------------- ##
## Running config.status. ##
## ---------------------- ##

This file was extended by jsonschema-c config.status 0,1, which was
generated by GNU Autoconf 2.69.  Invocation command line was

  CONFIG_FILES    = 
  CONFIG_HEADERS  = 
  CONFIG_LINKS    = 
  CONFIG_COMMANDS = 
  $ ./config.status tests/Makefile depfiles

on amine-All-Series

config.status:1004: creating tests/Makefile
config.status:1176: executing depfiles commands

## ---------------------- ##
## Running config.status. ##
## ---------------------- ##

This file was extended by jsonschema-c config.status 0,1, which was
generated by GNU Autoconf 2.69.  Invocation command line was

  CONFIG_FILES    = 
  CONFIG_HEADERS  = 
  CONFIG_LINKS    = 
  CONFIG_COMMANDS = 
  $ ./config.status Makefile depfiles

on amine-All-Series

config.status:1004: creating Makefile
config.status:1176: executing depfiles commands

## ---------------------- ##
## Running config.status. ##
## ---------------------- ##

This file was extended by jsonschema-c config.status 0,1, which was
generated by GNU Autoconf 2.69.  Invocation command line was

  CONFIG_FILES    = 
  CONFIG_HEADERS  = 
  CONFIG_LINKS    = 
  CONFIG_COMMANDS = 
  $ ./config.status tests/Makefile depfiles

on amine-All-Series

config.status:1004: creating tests/Makefile
config.status:1176: executing depfiles commands

## ---------------------- ##
## Running config.status. ##
## ---------------------- ##

This file was extended by jsonschema-c config.status 0,1, which was
generated by GNU Autoconf 2.69.  Invocation command line was

  CONFIG_FILES    = 
  CONFIG_HEADERS  = 
  CONFIG_LINKS    = 
  CONFIG_COMMANDS = 
  $ ./config.status Makefile depfiles

on amine-All-Series

config.status:1004: creating Makefile
config.status:1176: executing depfiles commands

## ---------------------- ##
## Running config.status. ##
## ---------------------- ##

This file was extended by jsonschema-c config.status 0,1, which was
generated by GNU Autoconf 2.69.  Invocation command line was

  CONFIG_FILES    = 
  CONFIG_HEADERS  = 
  CONFIG_LINKS    = 
  CONFIG_COMMANDS = 
  $ ./config.status tests/Makefile depfiles

on amine-All-Series

config.status:1004: creating tests/Makefile
config.status:1176: executing depfiles commands
